<?xml version="1.0" encoding="UTF-8"?>
<testng-results ignored="0" total="1" passed="1" failed="0" skipped="0">
  <reporter-output>
  </reporter-output>
  <suite started-at="2023-03-01T15:42:36 PST" name="Default suite" finished-at="2023-03-01T15:42:41 PST" duration-ms="5791">
    <groups>
    </groups>
    <test started-at="2023-03-01T15:42:36 PST" name="Default test" finished-at="2023-03-01T15:42:41 PST" duration-ms="5791">
      <class name="testcases.LogintestCases">
        <test-method signature="login()[pri:0, instance:testcases.LogintestCases@564fabc8]" started-at="2023-03-01T15:42:36 PST" name="login" finished-at="2023-03-01T15:42:41 PST" duration-ms="5753" status="PASS">
          <reporter-output>
          </reporter-output>
        </test-method> <!-- login -->
      </class> <!-- testcases.LogintestCases -->
    </test> <!-- Default test -->
  </suite> <!-- Default suite -->
</testng-results>
